<?xml version="1.0" encoding="UTF-8"?>
<!-- Generated by org.testng.reporters.JUnitReportReporter -->
<testsuite hostname="shuaideMacBook-Pro.local" failures="0" tests="1" name="Mobile_Test.LoginPageTest" time="31.211" errors="0" timestamp="2022-04-21T15:09:30 CEST" skipped="0">
  <testcase classname="Mobile_Test.LoginPageTest" name="LoginMasterUser" time="31.211"/>
  <system-out/>
</testsuite> <!-- Mobile_Test.LoginPageTest -->
